<?xml version="1.0" encoding="UTF-8"?>
<testsuites name="jest tests" tests="1" failures="0" time="9.868">
  <testsuite name="HelloWorldWebPart" errors="0" failures="0" skipped="0" timestamp="2019-09-05T00:27:11" time="4.712" tests="1">
    <testcase classname="HelloWorldWebPart should do something" name="HelloWorldWebPart should do something" time="0.004">
    </testcase>
  </testsuite>
</testsuites>